[04:53:25] [main/INFO]: Loading Minecraft 1.20 with Fabric Loader 0.16.3
[04:53:25] [ForkJoinPool-1-worker-2/WARN]: Mod netherdepthsupgrade uses the version fabric-3.1.1-1.20 which isn't compatible with Loader's extended semantic version format (Could not parse version number component 'fabric'!), SemVer is recommended for reliably evaluating dependencies and prioritizing newer version
[04:53:25] [ForkJoinPool-1-worker-2/WARN]: Mod explorify uses the version v1.3.0-mc1.20 which isn't compatible with Loader's extended semantic version format (Could not parse version number component 'v1'!), SemVer is recommended for reliably evaluating dependencies and prioritizing newer version
[04:53:25] [ForkJoinPool-1-worker-1/WARN]: The mod "dungeons_arise" contains invalid entries in its mod json:
- Unsupported root entry "credits" at line 12 column 12
[04:53:26] [ForkJoinPool-1-worker-2/WARN]: The mod "openblocks" contains invalid entries in its mod json:
- Unsupported root entry "client" at line 24 column 11
[04:53:26] [ForkJoinPool-1-worker-1/WARN]: Mod wither_spawn_fix uses the version MC1.20.1-1.0.0 which isn't compatible with Loader's extended semantic version format (Could not parse version number component 'MC1'!), SemVer is recommended for reliably evaluating dependencies and prioritizing newer version
[04:53:26] [ForkJoinPool-1-worker-2/WARN]: Mod magna uses the version ${version} which isn't compatible with Loader's extended semantic version format (Could not parse version number component '${version}'!), SemVer is recommended for reliably evaluating dependencies and prioritizing newer version
[04:53:26] [ForkJoinPool-1-worker-1/WARN]: Mod geophilic uses the version v2.1.0-mc1.20u1.20.2 which isn't compatible with Loader's extended semantic version format (Could not parse version number component 'v2'!), SemVer is recommended for reliably evaluating dependencies and prioritizing newer version
[04:53:26] [ForkJoinPool-1-worker-1/WARN]: Mod oceansdelight uses the version fdrf-fabric-1.0.2-1.20 which isn't compatible with Loader's extended semantic version format (Could not parse version number component 'fdrf'!), SemVer is recommended for reliably evaluating dependencies and prioritizing newer version
[04:53:26] [ForkJoinPool-1-worker-1/WARN]: The mod "luna" contains invalid entries in its mod json:
- Unsupported root entry "credits" at line 10 column 14
- Unsupported root entry "incompatible" at line 34 column 19
[04:53:26] [ForkJoinPool-1-worker-1/WARN]: Mod io_netty_netty-codec-socks uses the version 4.1.82.Final which isn't compatible with Loader's extended semantic version format (Could not parse version number component 'Final'!), SemVer is recommended for reliably evaluating dependencies and prioritizing newer version
[04:53:26] [ForkJoinPool-1-worker-2/WARN]: Mod travelersbackpack uses the version fabric-1.20.1-9.1.15 which isn't compatible with Loader's extended semantic version format (Could not parse version number component 'fabric'!), SemVer is recommended for reliably evaluating dependencies and prioritizing newer version
[04:53:26] [ForkJoinPool-1-worker-1/WARN]: Mod io_netty_netty-codec-http uses the version 4.1.82.Final which isn't compatible with Loader's extended semantic version format (Could not parse version number component 'Final'!), SemVer is recommended for reliably evaluating dependencies and prioritizing newer version
[04:53:26] [ForkJoinPool-1-worker-1/WARN]: Mod io_netty_netty-handler-proxy uses the version 4.1.82.Final which isn't compatible with Loader's extended semantic version format (Could not parse version number component 'Final'!), SemVer is recommended for reliably evaluating dependencies and prioritizing newer version
[04:53:26] [ForkJoinPool-1-worker-1/WARN]: Mod death_knights uses the version 0.6.1beta which isn't compatible with Loader's extended semantic version format (Could not parse version number component '1beta'!), SemVer is recommended for reliably evaluating dependencies and prioritizing newer version
[04:53:26] [ForkJoinPool-1-worker-1/WARN]: Mod ends_delight uses the version refabricated-1.20.1-alpha-1.0 which isn't compatible with Loader's extended semantic version format (Could not parse version number component 'refabricated'!), SemVer is recommended for reliably evaluating dependencies and prioritizing newer version
[04:53:27] [main/WARN]: Mod resolution failed
[04:53:27] [main/INFO]: Immediate reason: [HARD_DEP_INCOMPATIBLE_PRESELECTED aaa_particles 1.20.1-1.4.7 {depends minecraft @ [>=1.20.1]}, HARD_DEP_INCOMPATIBLE_PRESELECTED aaa_particles 1.20.1-1.4.5 {depends minecraft @ [>=1.20.1]}, ROOT_FORCELOAD aaa_particles]
[04:53:27] [main/INFO]: Reason: [HARD_DEP aaa_particles 1.20.1-1.4.7 {depends minecraft @ [>=1.20.1]}, HARD_DEP accessories 1.0.0-beta.41+1.20.1 {depends minecraft @ [>=1.20.1]}, HARD_DEP ad_astra_giselle_addon 5.6 {depends minecraft @ [>=1.20.1]}, HARD_DEP advancednetherite 2.0.2-1.20.1 {depends minecraft @ [1.20.1]}, HARD_DEP adventurez 1.4.20 {depends minecraft @ [>=1.20.1]}, HARD_DEP ae2 15.2.12 {depends minecraft @ [1.20.1]}, HARD_DEP almostunified 1.20.1-0.9.4 {depends minecraft @ [>=1.20.1]}, HARD_DEP moonlight 1.20-2.12.20 {depends minecraft @ [1.20.1]}, HARD_DEP animal_feeding_trough 1.0.3+1.20.1 {depends minecraft @ [1.20.1]}, HARD_DEP aquamirae 6 {depends minecraft @ [1.20.1]}, HARD_DEP obscure_api 16 {depends minecraft @ [1.20.1]}, HARD_DEP geckolib 4.2.4 {depends minecraft @ [>=1.20.1]}, HARD_DEP archers 1.2.5+1.20.1 {depends minecraft @ [>=1.20.1]}, HARD_DEP azurelibarmor 2.0.0 {depends minecraft @ [1.20.1]}, HARD_DEP ranged_weapon_api 1.1.3+1.20.1 {depends minecraft @ [1.20.1]}, HARD_DEP artifacts 9.5.5 {depends minecraft @ [1.20.1]}, HARD_DEP tclayer 3.8.1+beta.14 {depends minecraft @ [>=1.20.1]}, HARD_DEP ash_api 3.0.2+1.20.1 {depends minecraft @ [^1.20.1]}, HARD_DEP attributefix 21.0.4 {depends minecraft @ [1.20.1]}, HARD_DEP azurelib 2.0.6 {depends minecraft @ [1.20.1]}, HARD_DEP barteringstation 8.0.0 {depends minecraft @ [1.20.1]}, HARD_DEP puzzleslib 8.1.9 {depends minecraft @ [1.20.1]}, HARD_DEP bcc 4.0.8 {depends minecraft @ [1.20.1]}, HARD_DEP betterend-crashed-ships 1.0.0 {depends minecraft @ [~1.20.1]}, HARD_DEP bewitchment 1.20-8 {depends minecraft @ [~1.20.1]}, HARD_DEP patchouli 1.20.1-84-FABRIC {depends minecraft @ [>=1.20.1 <1.21]}, HARD_DEP blockrunner 8.0.2 {depends minecraft @ [1.20.1]}, HARD_DEP bookshelf 20.1.6 {depends minecraft @ [1.20.1]}, HARD_DEP botania 1.20.1-446-FABRIC {depends minecraft @ [=1.20.1]}, HARD_DEP brewery 1.1.4 {depends minecraft @ [>=1.20.1]}, HARD_DEP chefsdelight 1.0.3-fabric-1.20.1 {depends minecraft @ [~1.20.1]}, HARD_DEP chipped 3.0.4 {depends minecraft @ [>=1.20.1]}, HARD_DEP clumps 12.0.0.3 {depends minecraft @ [1.20.1]}, HARD_DEP computercraft 1.108.4 {depends minecraft @ [>=1.20.1 <1.21]}, HARD_DEP connectiblechains 2.2.1+1.20.1 {depends minecraft @ [1.20.1]}, HARD_DEP copycats 2.1.4+mc.1.20.1-fabric {depends minecraft @ [>=1.20.1]}, HARD_DEP create 0.5.1-f-build.1417+mc1.20.1 {depends minecraft @ [1.20.1]}, HARD_DEP porting_lib_accessors 2.3.4+1.20.1 {depends minecraft @ [=1.20.1]}, HARD_DEP porting_lib_base 2.3.4+1.20.1 {depends minecraft @ [=1.20.1]}, HARD_DEP porting_lib_entity 2.3.4+1.20.1 {depends minecraft @ [=1.20.1]}, HARD_DEP porting_lib_extensions 2.3.4+1.20.1 {depends minecraft @ [=1.20.1]}, HARD_DEP porting_lib_networking 2.3.4+1.20.1 {depends minecraft @ [=1.20.1]}, HARD_DEP porting_lib_obj_loader 2.3.2+1.20.1 {depends minecraft @ [=1.20.1]}, HARD_DEP porting_lib_tags 3.0 {depends minecraft @ [=1.20.1]}, HARD_DEP porting_lib_transfer 2.3.4+1.20.1 {depends minecraft @ [=1.20.1]}, HARD_DEP porting_lib_models 2.3.4+1.20.1 {depends minecraft @ [=1.20.1]}, HARD_DEP porting_lib_client_events 2.3.2+1.20.1 {depends minecraft @ [=1.20.1]}, HARD_DEP forgeconfigapiport 8.0.0 {depends minecraft @ [1.20.1]}, HARD_DEP create_new_age 1.1.2 {depends minecraft @ [~1.20.1]}, HARD_DEP ftbquests 2001.2.0 {depends minecraft @ [~1.20.1]}, HARD_DEP createaddition 1.2.3 {depends minecraft @ [~1.20.1]}, HARD_DEP cristellib 1.1.5 {depends minecraft @ [1.20.1]}, HARD_DEP custom_entity_attributes 1.0.0 {depends minecraft @ [~1.20.1]}, HARD_DEP customitemattributes 2.0.0 {depends minecraft @ [~1.20.1]}, HARD_DEP darkpaintings 17.0.4 {depends minecraft @ [1.20.1]}, HARD_DEP darkutils 17.0.3 {depends minecraft @ [1.20.1]}, HARD_DEP death_knights 0.6.1beta {depends minecraft @ [~1.20.1]}, HARD_DEP debugify 1.20.1+2.0 {depends minecraft @ [1.20.1]}, HARD_DEP decorative_blocks 4.0.3 {depends minecraft @ [>=1.20.1]}, HARD_DEP derelict 1.1.1 {depends minecraft @ [1.20.1]}, HARD_DEP fzzy_config 0.3.7+1.20.1 {depends minecraft @ [1.20.1]}, HARD_DEP ends_delight refabricated-1.20.1-alpha-1.0 {depends minecraft @ [~1.20.1]}, HARD_DEP estrogen 4.3.0+1.20.1-fabric {depends minecraft @ [1.20.1]}, HARD_DEP extendedae 1.20-1.0.2-fabric {depends minecraft @ [~1.20.1]}, HARD_DEP extraspellattributes 1.2.14 {depends minecraft @ [~1.20.1]}, HARD_DEP fakerlib 0.1.4 {depends minecraft @ [~1.20.1]}, HARD_DEP forgeconfigscreens 8.0.2 {depends minecraft @ [1.20.1]}, HARD_DEP frostiful 1.0.8 {depends minecraft @ [~1.20.1]}, HARD_DEP thermoo 2.3.2 {depends minecraft @ [~1.20.1]}, HARD_DEP itemfilters 2001.1.0-build.59 {depends minecraft @ [~1.20.1]}, HARD_DEP icarus 2.9.1 {depends minecraft @ [=1.20.1]}, HARD_DEP libgui 8.1.1+1.20.1 {depends minecraft @ [=1.20.1]}, HARD_DEP invoke 0.2.4 {depends minecraft @ [~1.20.1]}, HARD_DEP jewelry 1.3.7+1.20.1 {depends minecraft @ [1.20.1]}, HARD_DEP konkrete 1.7.0 {depends minecraft @ [1.20.1]}, HARD_DEP leavesbegone 8.0.0 {depends minecraft @ [1.20.1]}, HARD_DEP lithium 0.11.2 {depends minecraft @ [1.20.1]}, HARD_DEP logbegone 1.0.8 {depends minecraft @ [>=1.20.1]}, HARD_DEP magnumtorch 8.0.1 {depends minecraft @ [1.20.1]}, HARD_DEP mavapi 1.1.3 {depends minecraft @ [>=1.20.1]}, HARD_DEP megacells 2.3.6-1.20.1 {depends minecraft @ [1.20.1]}, HARD_DEP melody 1.0.3 {depends minecraft @ [>=1.20.1]}, HARD_DEP merequester 1.20.1-1.1.4 {depends minecraft @ [>=1.20.1]}, HARD_DEP mmmindicators 1.0.0 {depends minecraft @ [~1.20.1]}, HARD_DEP mobhealthbar 2.3.0 {depends minecraft @ [~1.20.1]}, HARD_DEP modern_industrialization 1.8.6 {depends minecraft @ [1.20.1]}, HARD_DEP modpack-update-checker 0.15.2 {depends minecraft @ [1.20.1]}, HARD_DEP mutantmonsters 8.0.4 {depends minecraft @ [1.20.1]}, HARD_DEP mythicmobs 1.20.1-fabric-1.4.5 {depends minecraft @ [~1.20.1]}, HARD_DEP mythicmounts 1.20.1-7.2 {depends minecraft @ [1.20.1]}, HARD_DEP mythicupgrades 2.3.2+mc1.20.1 {depends minecraft @ [~1.20.1]}, HARD_DEP naturalist 4.0.3 {depends minecraft @ [>=1.20.1]}, HARD_DEP naturescompass 1.20.1-2.2.3-fabric {depends minecraft @ [~1.20.1]}, HARD_DEP netherchested 8.0.1 {depends minecraft @ [1.20.1]}, HARD_DEP puzzlesapi 8.0.2 {depends minecraft @ [1.20.1]}, HARD_DEP nightconfigfixes 8.0.0 {depends minecraft @ [1.20.1]}, HARD_DEP openloader 19.0.3 {depends minecraft @ [1.20.1]}, HARD_DEP packetfixer 1.2.1 {depends minecraft @ [1.20.1]}, HARD_DEP paladins 1.3.1+1.20.1 {depends minecraft @ [>=1.20.1]}, HARD_DEP philipsruins 1.20.1 {depends minecraft @ [~1.20.1]}, HARD_DEP pigpen 15.0.2 {depends minecraft @ [1.20.1]}, HARD_DEP powah 5.0.5 {depends minecraft @ [~1.20.1]}, HARD_DEP prominent_ui 1.0.0 {depends minecraft @ [~1.20.1]}, HARD_DEP railways 1.6.4+fabric-mc1.20.1 {depends minecraft @ [1.20.1]}, HARD_DEP reborncore 5.8.7 {depends minecraft @ [>=1.20.1- <1.20.2-]}, HARD_DEP revelationary 1.3.5+1.20.1 {depends minecraft @ [>=1.20.1]}, HARD_DEP rogues 1.1.0+1.20.1 {depends minecraft @ [>=1.20.1]}, HARD_DEP runelic 18.0.2 {depends minecraft @ [1.20.1]}, HARD_DEP sbprom 1.0.6 {depends minecraft @ [~1.20.1]}, HARD_DEP spellbladenext 1.21.3+1.20.1 {depends minecraft @ [~1.20.1]}, HARD_DEP shield_api 1.0.1+1.20.1 {depends minecraft @ [1.20.1]}, HARD_DEP simplyskills 1.7.1+1.20.1 {depends minecraft @ [1.20.1]}, HARD_DEP skinlayers3d 1.6.6 {depends minecraft @ [1.20.1]}, HARD_DEP smallships 2.0.0-a2.3.3 {depends minecraft @ [>=1.20.1]}, HARD_DEP soulsweapons 1.1.5-1.20.1-fabric {depends minecraft @ [~1.20.1]}, HARD_DEP stoneworks 8.0.0 {depends minecraft @ [1.20.1]}, HARD_DEP structure_pool_api 1.0+1.20.1 {depends minecraft @ [1.20.1]}, HARD_DEP techreborn 5.8.7 {depends minecraft @ [>=1.20.1- <1.20.2-]}, HARD_DEP thaumon 2.2.0+1.20.1 {depends minecraft @ [>=1.20.1]}, HARD_DEP tiered 1.2.0 {depends minecraft @ [>=1.20.1]}, HARD_DEP tinyskeletons 8.0.1 {depends minecraft @ [1.20.1]}, HARD_DEP tradingpost 8.0.2 {depends minecraft @ [1.20.1]}, HARD_DEP transparent 8.0.1+1.20.1 {depends minecraft @ [^1.20.1]}, HARD_DEP travelersbackpack fabric-1.20.1-9.1.15 {depends minecraft @ [~1.20.1]}, HARD_DEP visualworkbench 8.0.0 {depends minecraft @ [1.20.1]}, HARD_DEP wands 2.6.9-release {depends minecraft @ [>=1.20.1]}, HARD_DEP wither_spawn_fix MC1.20.1-1.0.0 {depends minecraft @ [~1.20.1]}, HARD_DEP zenith 1.2.3-1.20.1 {depends minecraft @ [1.20.1]}, HARD_DEP zenith_attributes 0.2.7 {depends minecraft @ [~1.20.1]}, HARD_DEP jankson 6.0.0+j1.2.3 {depends minecraft @ [>=1.20.1]}, HARD_DEP porting_lib_config 2.3.4+1.20.1 {depends minecraft @ [=1.20.1]}, HARD_DEP porting_lib_model_generators 2.1.1090+1.20 {depends minecraft @ [>=1.20.1]}, HARD_DEP porting_lib_data 2.1.1090+1.20 {depends minecraft @ [>=1.20.1]}, HARD_DEP gimm1q 0.6.1+1.20.1 {depends minecraft @ [1.20.1]}, HARD_DEP jukeboxfix 1.0.0+1.20.1 {depends minecraft @ [>=1.20.1]}, HARD_DEP kuma_api 20.1.8 {depends minecraft @ [1.20.1]}, HARD_DEP mpuc_lavendermd 0.1.2 {depends minecraft @ [1.20.1]}, HARD_DEP porting_lib_attributes 2.3.4+1.20.1 {depends minecraft @ [=1.20.1]}, HARD_DEP porting_lib_brewing 2.3.2+1.20.1 {depends minecraft @ [=1.20.1]}, HARD_DEP porting_lib_common 2.3.4+1.20.1 {depends minecraft @ [=1.20.1]}, HARD_DEP porting_lib_core 2.3.4+1.20.1 {depends minecraft @ [=1.20.1]}, HARD_DEP porting_lib_tool_actions 2.3.4+1.20.1 {depends minecraft @ [=1.20.1]}, HARD_DEP porting_lib_loot 2.3.4+1.20.1 {depends minecraft @ [=1.20.1]}, HARD_DEP porting_lib_lazy_registration 2.3.4+1.20.1 {depends minecraft @ [=1.20.1]}, HARD_DEP porting_lib_recipe_book_categories 2.3.4+1.20.1 {depends minecraft @ [=1.20.1]}, HARD_DEP porting_lib_model_loader 2.3.4+1.20.1 {depends minecraft @ [=1.20.1]}, HARD_DEP porting_lib_model_materials 2.3.4+1.20.1 {depends minecraft @ [=1.20.1]}, HARD_DEP porting_lib_utility 2.3.4+1.20.1 {depends minecraft @ [=1.20.1]}, HARD_DEP porting_lib_fluids 2.3.4+1.20.1 {depends minecraft @ [=1.20.1]}, HARD_DEP porting_lib_gametest 2.1.1090+1.20 {depends minecraft @ [>=1.20.1]}, HARD_DEP porting_lib_mixin_extensions 2.3.4+1.20.1 {depends minecraft @ [=1.20.1]}, HARD_DEP puzzlesaccessapi 8.0.7 {depends minecraft @ [1.20.1]}]
[04:53:27] [main/INFO]: SERVER environment disabled: [fabric-renderer-api-v1, fabric-model-loading-api-v1, fabric-keybindings-v0, modmenu, fabric-client-tags-api-v1, fabric-screen-api-v1, fabric-renderer-indigo, fabric-blockrenderlayer-v1, fabric-renderer-registries-v1, flywheel, fabric-models-v0, fabric-sound-api-v1, fabric-rendering-v0, fabric-key-binding-api-v1, fabric-rendering-v1, noindium, spruceui]
[04:53:27] [main/INFO]: Fix: add [], remove [], replace [[minecraft 1.20] -> add:minecraft 1.20.1 ([[1.20.1,1.20.1]])]
[04:53:27] [main/ERROR]: Incompatible mods found!
net.fabricmc.loader.impl.FormattedException: Some of your mods are incompatible with the game or each other!
A potential solution has been determined, this may resolve your problem:
	 - Replace 'Minecraft' (minecraft) 1.20 with version 1.20.1.
More details:
	 - Mod 'AAAParticles' (aaa_particles) 1.20.1-1.4.7 requires version 1.20.1 or later of 'Minecraft' (minecraft), but only the wrong version is present: 1.20!
	 - Mod 'Accessories' (accessories) 1.0.0-beta.41+1.20.1 requires version 1.20.1 or later of 'Minecraft' (minecraft), but only the wrong version is present: 1.20!
	 - Mod 'Ad Astra: Giselle Addon' (ad_astra_giselle_addon) 5.6 requires version 1.20.1 or later of 'Minecraft' (minecraft), but only the wrong version is present: 1.20!
	 - Mod 'Advanced Netherite' (advancednetherite) 2.0.2-1.20.1 requires version 1.20.1 of 'Minecraft' (minecraft), but only the wrong version is present: 1.20!
	 - Mod 'AdventureZ' (adventurez) 1.4.20 requires version 1.20.1 or later of 'Minecraft' (minecraft), but only the wrong version is present: 1.20!
	 - Mod 'Applied Energistics 2' (ae2) 15.2.12 requires version 1.20.1 of 'Minecraft' (minecraft), but only the wrong version is present: 1.20!
	 - Mod 'AlmostUnified' (almostunified) 1.20.1-0.9.4 requires version 1.20.1 or later of 'Minecraft' (minecraft), but only the wrong version is present: 1.20!
	 - Mod 'Moonlight' (moonlight) 1.20-2.12.20 requires version 1.20.1 of 'Minecraft' (minecraft), but only the wrong version is present: 1.20!
	 - Mod 'Animal Feeding Trough' (animal_feeding_trough) 1.0.3+1.20.1 requires version 1.20.1 of 'Minecraft' (minecraft), but only the wrong version is present: 1.20!
	 - Mod 'Aquamirae' (aquamirae) 6 requires version 1.20.1 of 'Minecraft' (minecraft), but only the wrong version is present: 1.20!
	 - Mod 'Obscure API' (obscure_api) 16 requires version 1.20.1 of 'Minecraft' (minecraft), but only the wrong version is present: 1.20!
	 - Mod 'GeckoLib 4' (geckolib) 4.2.4 requires version 1.20.1 or later of 'Minecraft' (minecraft), but only the wrong version is present: 1.20!
	 - Mod 'Archers (RPG Series)' (archers) 1.2.5+1.20.1 requires version 1.20.1 or later of 'Minecraft' (minecraft), but only the wrong version is present: 1.20!
	 - Mod 'AzureLib Armor' (azurelibarmor) 2.0.0 requires version 1.20.1 of 'Minecraft' (minecraft), but only the wrong version is present: 1.20!
	 - Mod 'RangedWeaponAPI' (ranged_weapon_api) 1.1.3+1.20.1 requires version 1.20.1 of 'Minecraft' (minecraft), but only the wrong version is present: 1.20!
	 - Mod 'Artifacts' (artifacts) 9.5.5 requires version 1.20.1 of 'Minecraft' (minecraft), but only the wrong version is present: 1.20!
	 - Mod 'Accessories Trinkets Compat Layer' (tclayer) 3.8.1+beta.14 requires version 1.20.1 or later of 'Minecraft' (minecraft), but only the wrong version is present: 1.20!
	 - Mod 'Ash API' (ash_api) 3.0.2+1.20.1 requires any version between 1.20.1 (inclusive) and 2- (exclusive) of 'Minecraft' (minecraft), but only the wrong version is present: 1.20!
	 - Mod 'AttributeFix' (attributefix) 21.0.4 requires version 1.20.1 of 'Minecraft' (minecraft), but only the wrong version is present: 1.20!
	 - Mod 'AzureLib' (azurelib) 2.0.6 requires version 1.20.1 of 'Minecraft' (minecraft), but only the wrong version is present: 1.20!
	 - Mod 'Bartering Station' (barteringstation) 8.0.0 requires version 1.20.1 of 'Minecraft' (minecraft), but only the wrong version is present: 1.20!
	 - Mod 'Puzzles Lib' (puzzleslib) 8.1.9 requires version 1.20.1 of 'Minecraft' (minecraft), but only the wrong version is present: 1.20!
	 - Mod 'BetterCompatibilityChecker' (bcc) 4.0.8 requires version 1.20.1 of 'Minecraft' (minecraft), but only the wrong version is present: 1.20!
	 - Mod 'BetterEnd Crashed Ships' (betterend-crashed-ships) 1.0.0 requires any version between 1.20.1 (inclusive) and 1.21- (exclusive) of 'Minecraft' (minecraft), but only the wrong version is present: 1.20!
	 - Mod 'Bewitchment' (bewitchment) 1.20-8 requires any version between 1.20.1 (inclusive) and 1.21- (exclusive) of 'Minecraft' (minecraft), but only the wrong version is present: 1.20!
	 - Mod 'Patchouli' (patchouli) 1.20.1-84-FABRIC requires any version between 1.20.1 (inclusive) and 1.21 (exclusive) of 'Minecraft' (minecraft), but only the wrong version is present: 1.20!
	 - Mod 'Block Runner' (blockrunner) 8.0.2 requires version 1.20.1 of 'Minecraft' (minecraft), but only the wrong version is present: 1.20!
	 - Mod 'Bookshelf' (bookshelf) 20.1.6 requires version 1.20.1 of 'Minecraft' (minecraft), but only the wrong version is present: 1.20!
	 - Mod 'Botania' (botania) 1.20.1-446-FABRIC requires version 1.20.1 of 'Minecraft' (minecraft), but only the wrong version is present: 1.20!
	 - Mod 'Brewery' (brewery) 1.1.4 requires version 1.20.1 or later of 'Minecraft' (minecraft), but only the wrong version is present: 1.20!
	 - Mod 'Chefs Delight' (chefsdelight) 1.0.3-fabric-1.20.1 requires any version between 1.20.1 (inclusive) and 1.21- (exclusive) of 'Minecraft' (minecraft), but only the wrong version is present: 1.20!
	 - Mod 'Chipped' (chipped) 3.0.4 requires version 1.20.1 or later of 'Minecraft' (minecraft), but only the wrong version is present: 1.20!
	 - Mod 'Clumps' (clumps) 12.0.0.3 requires version 1.20.1 of 'Minecraft' (minecraft), but only the wrong version is present: 1.20!
	 - Mod 'CC: Tweaked' (computercraft) 1.108.4 requires any version between 1.20.1 (inclusive) and 1.21 (exclusive) of 'Minecraft' (minecraft), but only the wrong version is present: 1.20!
	 - Mod 'Connectible Chains' (connectiblechains) 2.2.1+1.20.1 requires version 1.20.1 of 'Minecraft' (minecraft), but only the wrong version is present: 1.20!
	 - Mod 'Create: Copycats+' (copycats) 2.1.4+mc.1.20.1-fabric requires version 1.20.1 or later of 'Minecraft' (minecraft), but only the wrong version is present: 1.20!
	 - Mod 'Create' (create) 0.5.1-f-build.1417+mc1.20.1 requires version 1.20.1 of 'Minecraft' (minecraft), but only the wrong version is present: 1.20!
	 - Mod 'Porting Lib Accessors' (porting_lib_accessors) 2.3.4+1.20.1 requires version 1.20.1 of 'Minecraft' (minecraft), but only the wrong version is present: 1.20!
	 - Mod 'Porting Lib Base' (porting_lib_base) 2.3.4+1.20.1 requires version 1.20.1 of 'Minecraft' (minecraft), but only the wrong version is present: 1.20!
	 - Mod 'Porting Lib Entity' (porting_lib_entity) 2.3.4+1.20.1 requires version 1.20.1 of 'Minecraft' (minecraft), but only the wrong version is present: 1.20!
	 - Mod 'Porting Lib Extensions' (porting_lib_extensions) 2.3.4+1.20.1 requires version 1.20.1 of 'Minecraft' (minecraft), but only the wrong version is present: 1.20!
	 - Mod 'Porting Lib Networking' (porting_lib_networking) 2.3.4+1.20.1 requires version 1.20.1 of 'Minecraft' (minecraft), but only the wrong version is present: 1.20!
	 - Mod 'Porting Lib Obj Loader' (porting_lib_obj_loader) 2.3.2+1.20.1 requires version 1.20.1 of 'Minecraft' (minecraft), but only the wrong version is present: 1.20!
	 - Mod 'Porting Lib Tags' (porting_lib_tags) 3.0 requires version 1.20.1 of 'Minecraft' (minecraft), but only the wrong version is present: 1.20!
	 - Mod 'Porting Lib Transfer' (porting_lib_transfer) 2.3.4+1.20.1 requires version 1.20.1 of 'Minecraft' (minecraft), but only the wrong version is present: 1.20!
	 - Mod 'Porting Lib Models' (porting_lib_models) 2.3.4+1.20.1 requires version 1.20.1 of 'Minecraft' (minecraft), but only the wrong version is present: 1.20!
	 - Mod 'Porting Lib Client Events' (porting_lib_client_events) 2.3.2+1.20.1 requires version 1.20.1 of 'Minecraft' (minecraft), but only the wrong version is present: 1.20!
	 - Mod 'Forge Config API Port' (forgeconfigapiport) 8.0.0 requires version 1.20.1 of 'Minecraft' (minecraft), but only the wrong version is present: 1.20!
	 - Mod 'Create: New Age' (create_new_age) 1.1.2 requires any version between 1.20.1 (inclusive) and 1.21- (exclusive) of 'Minecraft' (minecraft), but only the wrong version is present: 1.20!
	 - Mod 'FTB Quests' (ftbquests) 2001.2.0 requires any version between 1.20.1 (inclusive) and 1.21- (exclusive) of 'Minecraft' (minecraft), but only the wrong version is present: 1.20!
	 - Mod 'Create Crafts & Additions' (createaddition) 1.2.3 requires any version between 1.20.1 (inclusive) and 1.21- (exclusive) of 'Minecraft' (minecraft), but only the wrong version is present: 1.20!
	 - Mod 'Cristel Lib' (cristellib) 1.1.5 requires version 1.20.1 of 'Minecraft' (minecraft), but only the wrong version is present: 1.20!
	 - Mod 'Custom Entity Attributes (CEA)' (custom_entity_attributes) 1.0.0 requires any version between 1.20.1 (inclusive) and 1.21- (exclusive) of 'Minecraft' (minecraft), but only the wrong version is present: 1.20!
	 - Mod 'Custom Item Attributes (CIA)' (customitemattributes) 2.0.0 requires any version between 1.20.1 (inclusive) and 1.21- (exclusive) of 'Minecraft' (minecraft), but only the wrong version is present: 1.20!
	 - Mod 'DarkPaintings' (darkpaintings) 17.0.4 requires version 1.20.1 of 'Minecraft' (minecraft), but only the wrong version is present: 1.20!
	 - Mod 'DarkUtilities' (darkutils) 17.0.3 requires version 1.20.1 of 'Minecraft' (minecraft), but only the wrong version is present: 1.20!
	 - Mod 'Death Knights' (death_knights) 0.6.1beta requires any version between 1.20.1 (inclusive) and 1.21- (exclusive) of 'Minecraft' (minecraft), but only the wrong version is present: 1.20!
	 - Mod 'Debugify' (debugify) 1.20.1+2.0 requires version 1.20.1 of 'Minecraft' (minecraft), but only the wrong version is present: 1.20!
	 - Mod 'Decorative Blocks' (decorative_blocks) 4.0.3 requires version 1.20.1 or later of 'Minecraft' (minecraft), but only the wrong version is present: 1.20!
	 - Mod 'Derelict' (derelict) 1.1.1 requires version 1.20.1 of 'Minecraft' (minecraft), but only the wrong version is present: 1.20!
	 - Mod 'Fzzy Config' (fzzy_config) 0.3.7+1.20.1 requires version 1.20.1 of 'Minecraft' (minecraft), but only the wrong version is present: 1.20!
	 - Mod 'End's Delight' (ends_delight) refabricated-1.20.1-alpha-1.0 requires any version between 1.20.1 (inclusive) and 1.21- (exclusive) of 'Minecraft' (minecraft), but only the wrong version is present: 1.20!
	 - Mod 'Create: Estrogen' (estrogen) 4.3.0+1.20.1-fabric requires version 1.20.1 of 'Minecraft' (minecraft), but only the wrong version is present: 1.20!
	 - Mod 'ExtendedAE' (extendedae) 1.20-1.0.2-fabric requires any version between 1.20.1 (inclusive) and 1.21- (exclusive) of 'Minecraft' (minecraft), but only the wrong version is present: 1.20!
	 - Mod 'Extra RPG Attributes' (extraspellattributes) 1.2.14 requires any version between 1.20.1 (inclusive) and 1.21- (exclusive) of 'Minecraft' (minecraft), but only the wrong version is present: 1.20!
	 - Mod 'fakerlib' (fakerlib) 0.1.4 requires any version between 1.20.1 (inclusive) and 1.21- (exclusive) of 'Minecraft' (minecraft), but only the wrong version is present: 1.20!
	 - Mod 'Forge Config Screens' (forgeconfigscreens) 8.0.2 requires version 1.20.1 of 'Minecraft' (minecraft), but only the wrong version is present: 1.20!
	 - Mod 'Frostiful' (frostiful) 1.0.8 requires any version between 1.20.1 (inclusive) and 1.21- (exclusive) of 'Minecraft' (minecraft), but only the wrong version is present: 1.20!
	 - Mod 'Thermoo' (thermoo) 2.3.2 requires any version between 1.20.1 (inclusive) and 1.21- (exclusive) of 'Minecraft' (minecraft), but only the wrong version is present: 1.20!
	 - Mod 'Item Filters' (itemfilters) 2001.1.0-build.59 requires any version between 1.20.1 (inclusive) and 1.21- (exclusive) of 'Minecraft' (minecraft), but only the wrong version is present: 1.20!
	 - Mod 'Icarus' (icarus) 2.9.1 requires version 1.20.1 of 'Minecraft' (minecraft), but only the wrong version is present: 1.20!
	 - Mod 'LibGui' (libgui) 8.1.1+1.20.1 requires version 1.20.1 of 'Minecraft' (minecraft), but only the wrong version is present: 1.20!
	 - Mod 'Invocations Mod' (invoke) 0.2.4 requires any version between 1.20.1 (inclusive) and 1.21- (exclusive) of 'Minecraft' (minecraft), but only the wrong version is present: 1.20!
	 - Mod 'Jewelry (RPG Series)' (jewelry) 1.3.7+1.20.1 requires version 1.20.1 of 'Minecraft' (minecraft), but only the wrong version is present: 1.20!
	 - Mod 'Konkrete' (konkrete) 1.7.0 requires version 1.20.1 of 'Minecraft' (minecraft), but only the wrong version is present: 1.20!
	 - Mod 'Leaves Be Gone' (leavesbegone) 8.0.0 requires version 1.20.1 of 'Minecraft' (minecraft), but only the wrong version is present: 1.20!
	 - Mod 'Lithium' (lithium) 0.11.2 requires version 1.20.1 of 'Minecraft' (minecraft), but only the wrong version is present: 1.20!
	 - Mod 'Log Begone' (logbegone) 1.0.8 requires version 1.20.1 or later of 'Minecraft' (minecraft), but only the wrong version is present: 1.20!
	 - Mod 'Magnum Torch' (magnumtorch) 8.0.1 requires version 1.20.1 of 'Minecraft' (minecraft), but only the wrong version is present: 1.20!
	 - Mod 'More Axolotl Variants API' (mavapi) 1.1.3 requires version 1.20.1 or later of 'Minecraft' (minecraft), but only the wrong version is present: 1.20!
	 - Mod 'MEGA Cells' (megacells) 2.3.6-1.20.1 requires version 1.20.1 of 'Minecraft' (minecraft), but only the wrong version is present: 1.20!
	 - Mod 'Melody' (melody) 1.0.3 requires version 1.20.1 or later of 'Minecraft' (minecraft), but only the wrong version is present: 1.20!
	 - Mod 'ME Requester' (merequester) 1.20.1-1.1.4 requires version 1.20.1 or later of 'Minecraft' (minecraft), but only the wrong version is present: 1.20!
	 - Mod 'Mmm Indicators' (mmmindicators) 1.0.0 requires any version between 1.20.1 (inclusive) and 1.21- (exclusive) of 'Minecraft' (minecraft), but only the wrong version is present: 1.20!
	 - Mod 'MobHealthBar' (mobhealthbar) 2.3.0 requires any version between 1.20.1 (inclusive) and 1.21- (exclusive) of 'Minecraft' (minecraft), but only the wrong version is present: 1.20!
	 - Mod 'Modern Industrialization' (modern_industrialization) 1.8.6 requires version 1.20.1 of 'Minecraft' (minecraft), but only the wrong version is present: 1.20!
	 - Mod 'Modpack Update Checker' (modpack-update-checker) 0.15.2 requires version 1.20.1 of 'Minecraft' (minecraft), but only the wrong version is present: 1.20!
	 - Mod 'Mutant Monsters' (mutantmonsters) 8.0.4 requires version 1.20.1 of 'Minecraft' (minecraft), but only the wrong version is present: 1.20!
	 - Mod 'Mythic Mobs' (mythicmobs) 1.20.1-fabric-1.4.5 requires any version between 1.20.1 (inclusive) and 1.21- (exclusive) of 'Minecraft' (minecraft), but only the wrong version is present: 1.20!
	 - Mod 'Mythic Mounts' (mythicmounts) 1.20.1-7.2 requires version 1.20.1 of 'Minecraft' (minecraft), but only the wrong version is present: 1.20!
	 - Mod 'Mythic Upgrades' (mythicupgrades) 2.3.2+mc1.20.1 requires any version between 1.20.1 (inclusive) and 1.21- (exclusive) of 'Minecraft' (minecraft), but only the wrong version is present: 1.20!
	 - Mod 'Naturalist' (naturalist) 4.0.3 requires version 1.20.1 or later of 'Minecraft' (minecraft), but only the wrong version is present: 1.20!
	 - Mod 'Nature's Compass' (naturescompass) 1.20.1-2.2.3-fabric requires any version between 1.20.1 (inclusive) and 1.21- (exclusive) of 'Minecraft' (minecraft), but only the wrong version is present: 1.20!
	 - Mod 'Nether Chested' (netherchested) 8.0.1 requires version 1.20.1 of 'Minecraft' (minecraft), but only the wrong version is present: 1.20!
	 - Mod 'Puzzles Api' (puzzlesapi) 8.0.2 requires version 1.20.1 of 'Minecraft' (minecraft), but only the wrong version is present: 1.20!
	 - Mod 'Night Config Fixes' (nightconfigfixes) 8.0.0 requires version 1.20.1 of 'Minecraft' (minecraft), but only the wrong version is present: 1.20!
	 - Mod 'OpenLoader' (openloader) 19.0.3 requires version 1.20.1 of 'Minecraft' (minecraft), but only the wrong version is present: 1.20!
	 - Mod 'Packet Fixer' (packetfixer) 1.2.1 requires version 1.20.1 of 'Minecraft' (minecraft), but only the wrong version is present: 1.20!
	 - Mod 'Paladins & Priests (RPG Series)' (paladins) 1.3.1+1.20.1 requires version 1.20.1 or later of 'Minecraft' (minecraft), but only the wrong version is present: 1.20!
	 - Mod 'Philip`s Ruins' (philipsruins) 1.20.1 requires any version between 1.20.1 (inclusive) and 1.21- (exclusive) of 'Minecraft' (minecraft), but only the wrong version is present: 1.20!
	 - Mod 'PigPen' (pigpen) 15.0.2 requires version 1.20.1 of 'Minecraft' (minecraft), but only the wrong version is present: 1.20!
	 - Mod 'Powah!' (powah) 5.0.5 requires any version between 1.20.1 (inclusive) and 1.21- (exclusive) of 'Minecraft' (minecraft), but only the wrong version is present: 1.20!
	 - Mod 'Prominent UI Tweaks' (prominent_ui) 1.0.0 requires any version between 1.20.1 (inclusive) and 1.21- (exclusive) of 'Minecraft' (minecraft), but only the wrong version is present: 1.20!
	 - Mod 'Create: Steam 'n' Rails' (railways) 1.6.4+fabric-mc1.20.1 requires version 1.20.1 of 'Minecraft' (minecraft), but only the wrong version is present: 1.20!
	 - Mod 'Reborn Core' (reborncore) 5.8.7 requires any version between 1.20.1- (inclusive) and 1.20.2- (exclusive) of 'Minecraft' (minecraft), but only the wrong version is present: 1.20!
	 - Mod 'Revelationary' (revelationary) 1.3.5+1.20.1 requires version 1.20.1 or later of 'Minecraft' (minecraft), but only the wrong version is present: 1.20!
	 - Mod 'Rogues & Warriors (RPG Series)' (rogues) 1.1.0+1.20.1 requires version 1.20.1 or later of 'Minecraft' (minecraft), but only the wrong version is present: 1.20!
	 - Mod 'Runelic' (runelic) 18.0.2 requires version 1.20.1 of 'Minecraft' (minecraft), but only the wrong version is present: 1.20!
	 - Mod 'Spellblades X Prominence' (sbprom) 1.0.6 requires any version between 1.20.1 (inclusive) and 1.21- (exclusive) of 'Minecraft' (minecraft), but only the wrong version is present: 1.20!
	 - Mod 'Spellblades and Such' (spellbladenext) 1.21.3+1.20.1 requires any version between 1.20.1 (inclusive) and 1.21- (exclusive) of 'Minecraft' (minecraft), but only the wrong version is present: 1.20!
	 - Mod 'Shield API' (shield_api) 1.0.1+1.20.1 requires version 1.20.1 of 'Minecraft' (minecraft), but only the wrong version is present: 1.20!
	 - Mod 'SimplySkills' (simplyskills) 1.7.1+1.20.1 requires version 1.20.1 of 'Minecraft' (minecraft), but only the wrong version is present: 1.20!
	 - Mod '3d-Skin-Layers' (skinlayers3d) 1.6.6 requires version 1.20.1 of 'Minecraft' (minecraft), but only the wrong version is present: 1.20!
	 - Mod 'Small Ships' (smallships) 2.0.0-a2.3.3 requires version 1.20.1 or later of 'Minecraft' (minecraft), but only the wrong version is present: 1.20!
	 - Mod 'Marium's Soulslike Weaponry' (soulsweapons) 1.1.5-1.20.1-fabric requires any version between 1.20.1 (inclusive) and 1.21- (exclusive) of 'Minecraft' (minecraft), but only the wrong version is present: 1.20!
	 - Mod 'Stoneworks' (stoneworks) 8.0.0 requires version 1.20.1 of 'Minecraft' (minecraft), but only the wrong version is present: 1.20!
	 - Mod 'Structure Pool API' (structure_pool_api) 1.0+1.20.1 requires version 1.20.1 of 'Minecraft' (minecraft), but only the wrong version is present: 1.20!
	 - Mod 'Tech Reborn' (techreborn) 5.8.7 requires any version between 1.20.1- (inclusive) and 1.20.2- (exclusive) of 'Minecraft' (minecraft), but only the wrong version is present: 1.20!
	 - Mod 'Thaumon [BETA]' (thaumon) 2.2.0+1.20.1 requires version 1.20.1 or later of 'Minecraft' (minecraft), but only the wrong version is present: 1.20!
	 - Mod 'Tierify' (tiered) 1.2.0 requires version 1.20.1 or later of 'Minecraft' (minecraft), but only the wrong version is present: 1.20!
	 - Mod 'Tiny Skeletons' (tinyskeletons) 8.0.1 requires version 1.20.1 of 'Minecraft' (minecraft), but only the wrong version is present: 1.20!
	 - Mod 'Trading Post' (tradingpost) 8.0.2 requires version 1.20.1 of 'Minecraft' (minecraft), but only the wrong version is present: 1.20!
	 - Mod 'Transparent' (transparent) 8.0.1+1.20.1 requires any version between 1.20.1 (inclusive) and 2- (exclusive) of 'Minecraft' (minecraft), but only the wrong version is present: 1.20!
	 - Mod 'Traveler's Backpack' (travelersbackpack) fabric-1.20.1-9.1.15 requires any version between 1.20.1 (inclusive) and 1.21- (exclusive) of 'Minecraft' (minecraft), but only the wrong version is present: 1.20!
	 - Mod 'Visual Workbench' (visualworkbench) 8.0.0 requires version 1.20.1 of 'Minecraft' (minecraft), but only the wrong version is present: 1.20!
	 - Mod 'Building Wands' (wands) 2.6.9-release requires version 1.20.1 or later of 'Minecraft' (minecraft), but only the wrong version is present: 1.20!
	 - Mod 'Wither Spawn Fix' (wither_spawn_fix) MC1.20.1-1.0.0 requires any version between 1.20.1 (inclusive) and 1.21- (exclusive) of 'Minecraft' (minecraft), but only the wrong version is present: 1.20!
	 - Mod 'Zenith' (zenith) 1.2.3-1.20.1 requires version 1.20.1 of 'Minecraft' (minecraft), but only the wrong version is present: 1.20!
	 - Mod 'Zenith Attributes' (zenith_attributes) 0.2.7 requires any version between 1.20.1 (inclusive) and 1.21- (exclusive) of 'Minecraft' (minecraft), but only the wrong version is present: 1.20!
	 - Mod 'Jankson' (jankson) 6.0.0+j1.2.3 requires version 1.20.1 or later of 'Minecraft' (minecraft), but only the wrong version is present: 1.20!
	 - Mod 'Porting Lib Config' (porting_lib_config) 2.3.4+1.20.1 requires version 1.20.1 of 'Minecraft' (minecraft), but only the wrong version is present: 1.20!
	 - Mod 'Porting Lib Model Generators' (porting_lib_model_generators) 2.1.1090+1.20 requires version 1.20.1 or later of 'Minecraft' (minecraft), but only the wrong version is present: 1.20!
	 - Mod 'Porting Lib Data' (porting_lib_data) 2.1.1090+1.20 requires version 1.20.1 or later of 'Minecraft' (minecraft), but only the wrong version is present: 1.20!
	 - Mod 'Gimm1q' (gimm1q) 0.6.1+1.20.1 requires version 1.20.1 of 'Minecraft' (minecraft), but only the wrong version is present: 1.20!
	 - Mod 'Jukeboxfix' (jukeboxfix) 1.0.0+1.20.1 requires version 1.20.1 or later of 'Minecraft' (minecraft), but only the wrong version is present: 1.20!
	 - Mod 'KumaAPI' (kuma_api) 20.1.8 requires version 1.20.1 of 'Minecraft' (minecraft), but only the wrong version is present: 1.20!
	 - Mod 'MPUC lavender-md' (mpuc_lavendermd) 0.1.2 requires version 1.20.1 of 'Minecraft' (minecraft), but only the wrong version is present: 1.20!
	 - Mod 'Porting Lib Attributes' (porting_lib_attributes) 2.3.4+1.20.1 requires version 1.20.1 of 'Minecraft' (minecraft), but only the wrong version is present: 1.20!
	 - Mod 'Porting Lib Brewing' (porting_lib_brewing) 2.3.2+1.20.1 requires version 1.20.1 of 'Minecraft' (minecraft), but only the wrong version is present: 1.20!
	 - Mod 'Porting Lib Common' (porting_lib_common) 2.3.4+1.20.1 requires version 1.20.1 of 'Minecraft' (minecraft), but only the wrong version is present: 1.20!
	 - Mod 'Porting Lib Core' (porting_lib_core) 2.3.4+1.20.1 requires version 1.20.1 of 'Minecraft' (minecraft), but only the wrong version is present: 1.20!
	 - Mod 'Porting Lib Tool Actions' (porting_lib_tool_actions) 2.3.4+1.20.1 requires version 1.20.1 of 'Minecraft' (minecraft), but only the wrong version is present: 1.20!
	 - Mod 'Porting Lib Loot' (porting_lib_loot) 2.3.4+1.20.1 requires version 1.20.1 of 'Minecraft' (minecraft), but only the wrong version is present: 1.20!
	 - Mod 'Porting Lib Lazy Register' (porting_lib_lazy_registration) 2.3.4+1.20.1 requires version 1.20.1 of 'Minecraft' (minecraft), but only the wrong version is present: 1.20!
	 - Mod 'Porting Lib Recipe Book Categories' (porting_lib_recipe_book_categories) 2.3.4+1.20.1 requires version 1.20.1 of 'Minecraft' (minecraft), but only the wrong version is present: 1.20!
	 - Mod 'Porting Lib Model Loader' (porting_lib_model_loader) 2.3.4+1.20.1 requires version 1.20.1 of 'Minecraft' (minecraft), but only the wrong version is present: 1.20!
	 - Mod 'Porting Lib Model Materials' (porting_lib_model_materials) 2.3.4+1.20.1 requires version 1.20.1 of 'Minecraft' (minecraft), but only the wrong version is present: 1.20!
	 - Mod 'Porting Lib Utility' (porting_lib_utility) 2.3.4+1.20.1 requires version 1.20.1 of 'Minecraft' (minecraft), but only the wrong version is present: 1.20!
	 - Mod 'Porting Lib Fluids' (porting_lib_fluids) 2.3.4+1.20.1 requires version 1.20.1 of 'Minecraft' (minecraft), but only the wrong version is present: 1.20!
	 - Mod 'Porting Lib GameTest' (porting_lib_gametest) 2.1.1090+1.20 requires version 1.20.1 or later of 'Minecraft' (minecraft), but only the wrong version is present: 1.20!
	 - Mod 'Porting Lib Mixin Extensions' (porting_lib_mixin_extensions) 2.3.4+1.20.1 requires version 1.20.1 of 'Minecraft' (minecraft), but only the wrong version is present: 1.20!
	 - Mod 'Puzzles Access Api' (puzzlesaccessapi) 8.0.7 requires version 1.20.1 of 'Minecraft' (minecraft), but only the wrong version is present: 1.20!
	at net.fabricmc.loader.impl.FormattedException.ofLocalized(FormattedException.java:51) ~[fabric-loader-0.16.3.jar:?]
	at net.fabricmc.loader.impl.FabricLoaderImpl.load(FabricLoaderImpl.java:196) ~[fabric-loader-0.16.3.jar:?]
	at net.fabricmc.loader.impl.launch.knot.Knot.init(Knot.java:146) ~[fabric-loader-0.16.3.jar:?]
	at net.fabricmc.loader.impl.launch.knot.Knot.launch(Knot.java:68) ~[fabric-loader-0.16.3.jar:?]
	at net.fabricmc.loader.impl.launch.knot.KnotServer.main(KnotServer.java:23) ~[fabric-loader-0.16.3.jar:?]
	at net.fabricmc.loader.impl.launch.server.FabricServerLauncher.main(FabricServerLauncher.java:69) ~[fabric-loader-0.16.3.jar:?]
	at net.fabricmc.installer.ServerLauncher.main(ServerLauncher.java:69) ~[fabric-server-launch.jar:1.0.1]
